<?xml version="1.0" encoding="UTF-8"?>
<testng-results skipped="0" failed="0" ignored="0" total="1" passed="1">
  <reporter-output>
  </reporter-output>
  <suite name="Default suite" duration-ms="24015" started-at="2018-12-19T01:03:16Z" finished-at="2018-12-19T01:03:40Z">
    <groups>
    </groups>
    <test name="Default test" duration-ms="24015" started-at="2018-12-19T01:03:16Z" finished-at="2018-12-19T01:03:40Z">
      <class name="TestCases.Loginapplication">
        <test-method status="PASS" signature="Login()[pri:0, instance:TestCases.Loginapplication@58651fd0]" name="Login" duration-ms="23972" started-at="2018-12-19T01:03:16Z" finished-at="2018-12-19T01:03:40Z">
          <reporter-output>
          </reporter-output>
        </test-method> <!-- Login -->
      </class> <!-- TestCases.Loginapplication -->
    </test> <!-- Default test -->
  </suite> <!-- Default suite -->
</testng-results>
